#set( $symbol_pound = '#' )
#set( $symbol_dollar = '$' )
#set( $symbol_escape = '\' )
<?xml version="1.0" encoding="UTF-8"?>
<beans xmlns="http://www.springframework.org/schema/beans"
       xmlns:xsi="http://www.w3.org/2001/XMLSchema-instance"
       xmlns:context="http://www.springframework.org/schema/context"
       xsi:schemaLocation="http://www.springframework.org/schema/beans http://www.springframework.org/schema/beans/spring-beans.xsd   http://www.springframework.org/schema/context http://www.springframework.org/schema/context/spring-context.xsd">

    <bean id="dataSource" class="org.springframework.jdbc.datasource.DriverManagerDataSource">
        <property name="driverClassName" value="org.h2.Driver" />
        <property name="url" value="jdbc:h2:mem:${parentArtifactId}-test" />
        <property name="username" value="sa" />
        <property name="password" value="" />
    </bean>

    <context:property-placeholder
            location="classpath:test-database.properties" ignore-unresolvable="true" order="-1"/>

    <import resource="classpath*:/spring/jpa-context.xml"/>

    <import resource="classpath*:/spring/services-context.xml"/>

</beans>